<?xml version="1.0" encoding="UTF-8"?>
<!-- Generated by org.testng.reporters.JUnitXMLReporter -->
<testsuite ignored="0" hostname="Ambrishs-Air" failures="0" tests="29" name="Command line test" time="179.696" errors="0" timestamp="2021-05-29T09:58:54 IST">
  <testcase classname="com.payment.qa.testcases.CouponCodePageTest" name="VerifyTitleOnCouponPageTest" time="0.018"/>
  <testcase classname="com.payment.qa.testcases.CouponCodePageTest" name="CustomerInformationStoreNameTest" time="0.04"/>
  <testcase classname="com.payment.qa.testcases.CouponCodePageTest" name="VerifyCouponCodeLabelTest" time="0.088"/>
  <testcase classname="com.payment.qa.testcases.CouponCodePageTest" name="VerifyCouponCodeFieldTest" time="0.063"/>
  <testcase classname="com.payment.qa.testcases.CouponCodePageTest" name="VerifyApplyButtonTest" time="0.054"/>
  <testcase classname="com.payment.qa.testcases.CouponCodePageTest" name="VerifyApplyOfferButton" time="0.107"/>
  <testcase classname="com.payment.qa.testcases.NetBankingPageTest" name="CustomerInformationTitleTest" time="0.006"/>
  <testcase classname="com.payment.qa.testcases.NetBankingPageTest" name="CustomerInformationLogoTest" time="0.049"/>
  <testcase classname="com.payment.qa.testcases.NetBankingPageTest" name="VerifyProceedBtnTest" time="0.068"/>
  <testcase classname="com.payment.qa.testcases.NetBankingPageTest" name="SelectBankTest" time="10.528"/>
  <testcase classname="com.payment.qa.testcases.CustomerInformationPageTest" name="CustomerInformationTitleTest" time="0.01"/>
  <testcase classname="com.payment.qa.testcases.CustomerInformationPageTest" name="CustomerInformationLogoTest" time="0.036"/>
  <testcase classname="com.payment.qa.testcases.CustomerInformationPageTest" name="CustomerInformationStoreNameTest" time="0.035"/>
  <testcase classname="com.payment.qa.testcases.CustomerInformationPageTest" name="CreateNewData" time="0.628"/>
  <testcase classname="com.payment.qa.testcases.CustomerInformationPageTest" name="CreateNewData" time="0.627"/>
  <testcase classname="com.payment.qa.testcases.CustomerInformationPageTest" name="CreateNewData" time="0.662"/>
  <testcase classname="com.payment.qa.testcases.UpiPageTest" name="VerifyUPIOptionSelectedTest" time="0.027"/>
  <testcase classname="com.payment.qa.testcases.UpiPageTest" name="VerifyUPIFieldAvailableTest" time="0.045"/>
  <testcase classname="com.payment.qa.testcases.UpiPageTest" name="verifyPayButtonTest" time="1.773"/>
  <testcase classname="com.payment.qa.testcases.PaymentDetailsPageTest" name="VerifyPaymentOptionIsSelected" time="0.052"/>
  <testcase classname="com.payment.qa.testcases.PaymentDetailsPageTest" name="SelectPaymentMethod" time="0.272"/>
  <testcase classname="com.payment.qa.testcases.PaymentDetailsPageTest" name="VerifyCardOptionSelected" time="0.026"/>
  <testcase classname="com.payment.qa.testcases.PaymentDetailsPageTest" name="verifyCardNumberFieldPresent" time="0.034"/>
  <testcase classname="com.payment.qa.testcases.PaymentDetailsPageTest" name="VerifyNameOnCardFieldTest" time="0.047"/>
  <testcase classname="com.payment.qa.testcases.PaymentDetailsPageTest" name="VerifyCVVFieldTest" time="0.039"/>
  <testcase classname="com.payment.qa.testcases.PaymentDetailsPageTest" name="VerifyMonthSelectListTest" time="0.05"/>
  <testcase classname="com.payment.qa.testcases.PaymentDetailsPageTest" name="VerifyYearSelectListTest" time="0.041"/>
  <testcase classname="com.payment.qa.testcases.PaymentDetailsPageTest" name="VerifyPaymentButtonTest" time="0.038"/>
  <testcase classname="com.payment.qa.testcases.PaymentDetailsPageTest" name="CreateTransactionData" time="2.328"/>
</testsuite> <!-- Command line test -->
