<?xml version="1.0" encoding="UTF-8"?>
<testng-results ignored="0" total="29" passed="29" failed="0" skipped="0">
  <reporter-output>
  </reporter-output>
  <suite started-at="2021-05-29T09:55:54 IST" name="Command line suite" finished-at="2021-05-29T09:58:54 IST" duration-ms="179696">
    <groups>
    </groups>
    <test started-at="2021-05-29T09:55:54 IST" name="Command line test" finished-at="2021-05-29T09:58:54 IST" duration-ms="179696">
      <class name="com.payment.qa.testcases.PaymentDetailsPageTest">
        <test-method is-config="true" signature="setup()[pri:0, instance:com.payment.qa.testcases.PaymentDetailsPageTest@aecb35a]" started-at="2021-05-29T09:57:50 IST" name="setup" finished-at="2021-05-29T09:58:04 IST" duration-ms="13904" status="PASS">
          <reporter-output>
          </reporter-output>
        </test-method> <!-- setup -->
        <test-method signature="VerifyPaymentOptionIsSelected()[pri:1, instance:com.payment.qa.testcases.PaymentDetailsPageTest@aecb35a]" started-at="2021-05-29T09:58:04 IST" name="VerifyPaymentOptionIsSelected" finished-at="2021-05-29T09:58:04 IST" duration-ms="52" status="PASS">
          <reporter-output>
          </reporter-output>
        </test-method> <!-- VerifyPaymentOptionIsSelected -->
        <test-method is-config="true" signature="teardown()[pri:0, instance:com.payment.qa.testcases.PaymentDetailsPageTest@aecb35a]" started-at="2021-05-29T09:58:04 IST" name="teardown" finished-at="2021-05-29T09:58:04 IST" duration-ms="158" status="PASS">
          <reporter-output>
          </reporter-output>
        </test-method> <!-- teardown -->
        <test-method is-config="true" signature="setup()[pri:0, instance:com.payment.qa.testcases.PaymentDetailsPageTest@aecb35a]" started-at="2021-05-29T09:58:04 IST" name="setup" finished-at="2021-05-29T09:58:09 IST" duration-ms="4503" status="PASS">
          <reporter-output>
          </reporter-output>
        </test-method> <!-- setup -->
        <test-method signature="SelectPaymentMethod()[pri:2, instance:com.payment.qa.testcases.PaymentDetailsPageTest@aecb35a]" started-at="2021-05-29T09:58:09 IST" name="SelectPaymentMethod" finished-at="2021-05-29T09:58:09 IST" duration-ms="272" status="PASS">
          <reporter-output>
          </reporter-output>
        </test-method> <!-- SelectPaymentMethod -->
        <test-method is-config="true" signature="teardown()[pri:0, instance:com.payment.qa.testcases.PaymentDetailsPageTest@aecb35a]" started-at="2021-05-29T09:58:09 IST" name="teardown" finished-at="2021-05-29T09:58:09 IST" duration-ms="165" status="PASS">
          <reporter-output>
          </reporter-output>
        </test-method> <!-- teardown -->
        <test-method is-config="true" signature="setup()[pri:0, instance:com.payment.qa.testcases.PaymentDetailsPageTest@aecb35a]" started-at="2021-05-29T09:58:09 IST" name="setup" finished-at="2021-05-29T09:58:14 IST" duration-ms="5077" status="PASS">
          <reporter-output>
          </reporter-output>
        </test-method> <!-- setup -->
        <test-method signature="VerifyCardOptionSelected()[pri:2, instance:com.payment.qa.testcases.PaymentDetailsPageTest@aecb35a]" started-at="2021-05-29T09:58:14 IST" name="VerifyCardOptionSelected" finished-at="2021-05-29T09:58:14 IST" duration-ms="26" status="PASS">
          <reporter-output>
          </reporter-output>
        </test-method> <!-- VerifyCardOptionSelected -->
        <test-method is-config="true" signature="teardown()[pri:0, instance:com.payment.qa.testcases.PaymentDetailsPageTest@aecb35a]" started-at="2021-05-29T09:58:14 IST" name="teardown" finished-at="2021-05-29T09:58:14 IST" duration-ms="165" status="PASS">
          <reporter-output>
          </reporter-output>
        </test-method> <!-- teardown -->
        <test-method is-config="true" signature="setup()[pri:0, instance:com.payment.qa.testcases.PaymentDetailsPageTest@aecb35a]" started-at="2021-05-29T09:58:14 IST" name="setup" finished-at="2021-05-29T09:58:19 IST" duration-ms="5007" status="PASS">
          <reporter-output>
          </reporter-output>
        </test-method> <!-- setup -->
        <test-method signature="verifyCardNumberFieldPresent()[pri:3, instance:com.payment.qa.testcases.PaymentDetailsPageTest@aecb35a]" started-at="2021-05-29T09:58:19 IST" name="verifyCardNumberFieldPresent" finished-at="2021-05-29T09:58:19 IST" duration-ms="34" status="PASS">
          <reporter-output>
          </reporter-output>
        </test-method> <!-- verifyCardNumberFieldPresent -->
        <test-method is-config="true" signature="teardown()[pri:0, instance:com.payment.qa.testcases.PaymentDetailsPageTest@aecb35a]" started-at="2021-05-29T09:58:19 IST" name="teardown" finished-at="2021-05-29T09:58:19 IST" duration-ms="155" status="PASS">
          <reporter-output>
          </reporter-output>
        </test-method> <!-- teardown -->
        <test-method is-config="true" signature="setup()[pri:0, instance:com.payment.qa.testcases.PaymentDetailsPageTest@aecb35a]" started-at="2021-05-29T09:58:19 IST" name="setup" finished-at="2021-05-29T09:58:24 IST" duration-ms="4902" status="PASS">
          <reporter-output>
          </reporter-output>
        </test-method> <!-- setup -->
        <test-method signature="VerifyNameOnCardFieldTest()[pri:4, instance:com.payment.qa.testcases.PaymentDetailsPageTest@aecb35a]" started-at="2021-05-29T09:58:24 IST" name="VerifyNameOnCardFieldTest" finished-at="2021-05-29T09:58:24 IST" duration-ms="47" status="PASS">
          <reporter-output>
          </reporter-output>
        </test-method> <!-- VerifyNameOnCardFieldTest -->
        <test-method is-config="true" signature="teardown()[pri:0, instance:com.payment.qa.testcases.PaymentDetailsPageTest@aecb35a]" started-at="2021-05-29T09:58:24 IST" name="teardown" finished-at="2021-05-29T09:58:25 IST" duration-ms="161" status="PASS">
          <reporter-output>
          </reporter-output>
        </test-method> <!-- teardown -->
        <test-method is-config="true" signature="setup()[pri:0, instance:com.payment.qa.testcases.PaymentDetailsPageTest@aecb35a]" started-at="2021-05-29T09:58:25 IST" name="setup" finished-at="2021-05-29T09:58:31 IST" duration-ms="6681" status="PASS">
          <reporter-output>
          </reporter-output>
        </test-method> <!-- setup -->
        <test-method signature="VerifyCVVFieldTest()[pri:5, instance:com.payment.qa.testcases.PaymentDetailsPageTest@aecb35a]" started-at="2021-05-29T09:58:31 IST" name="VerifyCVVFieldTest" finished-at="2021-05-29T09:58:31 IST" duration-ms="39" status="PASS">
          <reporter-output>
          </reporter-output>
        </test-method> <!-- VerifyCVVFieldTest -->
        <test-method is-config="true" signature="teardown()[pri:0, instance:com.payment.qa.testcases.PaymentDetailsPageTest@aecb35a]" started-at="2021-05-29T09:58:31 IST" name="teardown" finished-at="2021-05-29T09:58:32 IST" duration-ms="171" status="PASS">
          <reporter-output>
          </reporter-output>
        </test-method> <!-- teardown -->
        <test-method is-config="true" signature="setup()[pri:0, instance:com.payment.qa.testcases.PaymentDetailsPageTest@aecb35a]" started-at="2021-05-29T09:58:32 IST" name="setup" finished-at="2021-05-29T09:58:36 IST" duration-ms="4986" status="PASS">
          <reporter-output>
          </reporter-output>
        </test-method> <!-- setup -->
        <test-method signature="VerifyMonthSelectListTest()[pri:6, instance:com.payment.qa.testcases.PaymentDetailsPageTest@aecb35a]" started-at="2021-05-29T09:58:36 IST" name="VerifyMonthSelectListTest" finished-at="2021-05-29T09:58:37 IST" duration-ms="50" status="PASS">
          <reporter-output>
          </reporter-output>
        </test-method> <!-- VerifyMonthSelectListTest -->
        <test-method is-config="true" signature="teardown()[pri:0, instance:com.payment.qa.testcases.PaymentDetailsPageTest@aecb35a]" started-at="2021-05-29T09:58:37 IST" name="teardown" finished-at="2021-05-29T09:58:37 IST" duration-ms="167" status="PASS">
          <reporter-output>
          </reporter-output>
        </test-method> <!-- teardown -->
        <test-method is-config="true" signature="setup()[pri:0, instance:com.payment.qa.testcases.PaymentDetailsPageTest@aecb35a]" started-at="2021-05-29T09:58:37 IST" name="setup" finished-at="2021-05-29T09:58:41 IST" duration-ms="4773" status="PASS">
          <reporter-output>
          </reporter-output>
        </test-method> <!-- setup -->
        <test-method signature="VerifyYearSelectListTest()[pri:7, instance:com.payment.qa.testcases.PaymentDetailsPageTest@aecb35a]" started-at="2021-05-29T09:58:41 IST" name="VerifyYearSelectListTest" finished-at="2021-05-29T09:58:42 IST" duration-ms="41" status="PASS">
          <reporter-output>
          </reporter-output>
        </test-method> <!-- VerifyYearSelectListTest -->
        <test-method is-config="true" signature="teardown()[pri:0, instance:com.payment.qa.testcases.PaymentDetailsPageTest@aecb35a]" started-at="2021-05-29T09:58:42 IST" name="teardown" finished-at="2021-05-29T09:58:42 IST" duration-ms="166" status="PASS">
          <reporter-output>
          </reporter-output>
        </test-method> <!-- teardown -->
        <test-method is-config="true" signature="setup()[pri:0, instance:com.payment.qa.testcases.PaymentDetailsPageTest@aecb35a]" started-at="2021-05-29T09:58:42 IST" name="setup" finished-at="2021-05-29T09:58:46 IST" duration-ms="4573" status="PASS">
          <reporter-output>
          </reporter-output>
        </test-method> <!-- setup -->
        <test-method signature="VerifyPaymentButtonTest()[pri:8, instance:com.payment.qa.testcases.PaymentDetailsPageTest@aecb35a]" started-at="2021-05-29T09:58:46 IST" name="VerifyPaymentButtonTest" finished-at="2021-05-29T09:58:46 IST" duration-ms="38" status="PASS">
          <reporter-output>
          </reporter-output>
        </test-method> <!-- VerifyPaymentButtonTest -->
        <test-method is-config="true" signature="teardown()[pri:0, instance:com.payment.qa.testcases.PaymentDetailsPageTest@aecb35a]" started-at="2021-05-29T09:58:46 IST" name="teardown" finished-at="2021-05-29T09:58:46 IST" duration-ms="150" status="PASS">
          <reporter-output>
          </reporter-output>
        </test-method> <!-- teardown -->
        <test-method is-config="true" signature="setup()[pri:0, instance:com.payment.qa.testcases.PaymentDetailsPageTest@aecb35a]" started-at="2021-05-29T09:58:47 IST" name="setup" finished-at="2021-05-29T09:58:51 IST" duration-ms="4589" status="PASS">
          <reporter-output>
          </reporter-output>
        </test-method> <!-- setup -->
        <test-method signature="CreateTransactionData(java.lang.String,java.lang.String,java.lang.String,java.lang.String,java.lang.String)[pri:9, instance:com.payment.qa.testcases.PaymentDetailsPageTest@aecb35a]" started-at="2021-05-29T09:58:51 IST" name="CreateTransactionData" data-provider="getCustomerData" finished-at="2021-05-29T09:58:53 IST" duration-ms="2328" status="PASS">
          <params>
            <param index="0">
              <value>
                <![CDATA[2223520443560010]]>
              </value>
            </param>
            <param index="1">
              <value>
                <![CDATA[Test]]>
              </value>
            </param>
            <param index="2">
              <value>
                <![CDATA[737]]>
              </value>
            </param>
            <param index="3">
              <value>
                <![CDATA[Nov]]>
              </value>
            </param>
            <param index="4">
              <value>
                <![CDATA[2023]]>
              </value>
            </param>
          </params>
          <reporter-output>
          </reporter-output>
        </test-method> <!-- CreateTransactionData -->
        <test-method is-config="true" signature="teardown()[pri:0, instance:com.payment.qa.testcases.PaymentDetailsPageTest@aecb35a]" started-at="2021-05-29T09:58:53 IST" name="teardown" finished-at="2021-05-29T09:58:54 IST" duration-ms="150" status="PASS">
          <reporter-output>
          </reporter-output>
        </test-method> <!-- teardown -->
      </class> <!-- com.payment.qa.testcases.PaymentDetailsPageTest -->
      <class name="com.payment.qa.testcases.CustomerInformationPageTest">
        <test-method is-config="true" signature="setup()[pri:0, instance:com.payment.qa.testcases.CustomerInformationPageTest@1068e947]" started-at="2021-05-29T09:57:05 IST" name="setup" finished-at="2021-05-29T09:57:10 IST" duration-ms="4384" status="PASS">
          <reporter-output>
          </reporter-output>
        </test-method> <!-- setup -->
        <test-method signature="CustomerInformationTitleTest()[pri:1, instance:com.payment.qa.testcases.CustomerInformationPageTest@1068e947]" started-at="2021-05-29T09:57:10 IST" name="CustomerInformationTitleTest" finished-at="2021-05-29T09:57:10 IST" duration-ms="10" status="PASS">
          <reporter-output>
          </reporter-output>
        </test-method> <!-- CustomerInformationTitleTest -->
        <test-method is-config="true" signature="teardown()[pri:0, instance:com.payment.qa.testcases.CustomerInformationPageTest@1068e947]" started-at="2021-05-29T09:57:10 IST" name="teardown" finished-at="2021-05-29T09:57:10 IST" duration-ms="123" status="PASS">
          <reporter-output>
          </reporter-output>
        </test-method> <!-- teardown -->
        <test-method is-config="true" signature="setup()[pri:0, instance:com.payment.qa.testcases.CustomerInformationPageTest@1068e947]" started-at="2021-05-29T09:57:10 IST" name="setup" finished-at="2021-05-29T09:57:14 IST" duration-ms="3868" status="PASS">
          <reporter-output>
          </reporter-output>
        </test-method> <!-- setup -->
        <test-method signature="CustomerInformationLogoTest()[pri:2, instance:com.payment.qa.testcases.CustomerInformationPageTest@1068e947]" started-at="2021-05-29T09:57:14 IST" name="CustomerInformationLogoTest" finished-at="2021-05-29T09:57:14 IST" duration-ms="36" status="PASS">
          <reporter-output>
          </reporter-output>
        </test-method> <!-- CustomerInformationLogoTest -->
        <test-method is-config="true" signature="teardown()[pri:0, instance:com.payment.qa.testcases.CustomerInformationPageTest@1068e947]" started-at="2021-05-29T09:57:14 IST" name="teardown" finished-at="2021-05-29T09:57:14 IST" duration-ms="158" status="PASS">
          <reporter-output>
          </reporter-output>
        </test-method> <!-- teardown -->
        <test-method is-config="true" signature="setup()[pri:0, instance:com.payment.qa.testcases.CustomerInformationPageTest@1068e947]" started-at="2021-05-29T09:57:14 IST" name="setup" finished-at="2021-05-29T09:57:18 IST" duration-ms="3975" status="PASS">
          <reporter-output>
          </reporter-output>
        </test-method> <!-- setup -->
        <test-method signature="CustomerInformationStoreNameTest()[pri:3, instance:com.payment.qa.testcases.CustomerInformationPageTest@1068e947]" started-at="2021-05-29T09:57:18 IST" name="CustomerInformationStoreNameTest" finished-at="2021-05-29T09:57:18 IST" duration-ms="35" status="PASS">
          <reporter-output>
          </reporter-output>
        </test-method> <!-- CustomerInformationStoreNameTest -->
        <test-method is-config="true" signature="teardown()[pri:0, instance:com.payment.qa.testcases.CustomerInformationPageTest@1068e947]" started-at="2021-05-29T09:57:18 IST" name="teardown" finished-at="2021-05-29T09:57:18 IST" duration-ms="146" status="PASS">
          <reporter-output>
          </reporter-output>
        </test-method> <!-- teardown -->
        <test-method is-config="true" signature="setup()[pri:0, instance:com.payment.qa.testcases.CustomerInformationPageTest@1068e947]" started-at="2021-05-29T09:57:19 IST" name="setup" finished-at="2021-05-29T09:57:23 IST" duration-ms="3860" status="PASS">
          <reporter-output>
          </reporter-output>
        </test-method> <!-- setup -->
        <test-method signature="CreateNewData(java.lang.String,java.lang.String,java.lang.String,java.lang.String,java.lang.String)[pri:4, instance:com.payment.qa.testcases.CustomerInformationPageTest@1068e947]" started-at="2021-05-29T09:57:23 IST" name="CreateNewData" data-provider="getCustomerData" finished-at="2021-05-29T09:57:23 IST" duration-ms="628" status="PASS">
          <params>
            <param index="0">
              <value>
                <![CDATA[Ambrish]]>
              </value>
            </param>
            <param index="1">
              <value>
                <![CDATA[a@example.com]]>
              </value>
            </param>
            <param index="2">
              <value>
                <![CDATA[9098007752]]>
              </value>
            </param>
            <param index="3">
              <value>
                <![CDATA[1]]>
              </value>
            </param>
            <param index="4">
              <value>
                <![CDATA[Test]]>
              </value>
            </param>
          </params>
          <reporter-output>
          </reporter-output>
        </test-method> <!-- CreateNewData -->
        <test-method is-config="true" signature="teardown()[pri:0, instance:com.payment.qa.testcases.CustomerInformationPageTest@1068e947]" started-at="2021-05-29T09:57:23 IST" name="teardown" finished-at="2021-05-29T09:57:23 IST" duration-ms="161" status="PASS">
          <reporter-output>
          </reporter-output>
        </test-method> <!-- teardown -->
        <test-method is-config="true" signature="setup()[pri:0, instance:com.payment.qa.testcases.CustomerInformationPageTest@1068e947]" started-at="2021-05-29T09:57:23 IST" name="setup" finished-at="2021-05-29T09:57:28 IST" duration-ms="4087" status="PASS">
          <reporter-output>
          </reporter-output>
        </test-method> <!-- setup -->
        <test-method signature="CreateNewData(java.lang.String,java.lang.String,java.lang.String,java.lang.String,java.lang.String)[pri:4, instance:com.payment.qa.testcases.CustomerInformationPageTest@1068e947]" started-at="2021-05-29T09:57:28 IST" name="CreateNewData" data-provider="getCustomerData" finished-at="2021-05-29T09:57:28 IST" duration-ms="627" status="PASS">
          <params>
            <param index="0">
              <value>
                <![CDATA[Test]]>
              </value>
            </param>
            <param index="1">
              <value>
                <![CDATA[t@example.com]]>
              </value>
            </param>
            <param index="2">
              <value>
                <![CDATA[9098007752]]>
              </value>
            </param>
            <param index="3">
              <value>
                <![CDATA[1]]>
              </value>
            </param>
            <param index="4">
              <value>
                <![CDATA[test]]>
              </value>
            </param>
          </params>
          <reporter-output>
          </reporter-output>
        </test-method> <!-- CreateNewData -->
        <test-method is-config="true" signature="teardown()[pri:0, instance:com.payment.qa.testcases.CustomerInformationPageTest@1068e947]" started-at="2021-05-29T09:57:28 IST" name="teardown" finished-at="2021-05-29T09:57:28 IST" duration-ms="138" status="PASS">
          <reporter-output>
          </reporter-output>
        </test-method> <!-- teardown -->
        <test-method is-config="true" signature="setup()[pri:0, instance:com.payment.qa.testcases.CustomerInformationPageTest@1068e947]" started-at="2021-05-29T09:57:28 IST" name="setup" finished-at="2021-05-29T09:57:33 IST" duration-ms="4394" status="PASS">
          <reporter-output>
          </reporter-output>
        </test-method> <!-- setup -->
        <test-method signature="CreateNewData(java.lang.String,java.lang.String,java.lang.String,java.lang.String,java.lang.String)[pri:4, instance:com.payment.qa.testcases.CustomerInformationPageTest@1068e947]" started-at="2021-05-29T09:57:33 IST" name="CreateNewData" data-provider="getCustomerData" finished-at="2021-05-29T09:57:33 IST" duration-ms="662" status="PASS">
          <params>
            <param index="0">
              <value>
                <![CDATA[hero]]>
              </value>
            </param>
            <param index="1">
              <value>
                <![CDATA[h@example.com]]>
              </value>
            </param>
            <param index="2">
              <value>
                <![CDATA[9098007752]]>
              </value>
            </param>
            <param index="3">
              <value>
                <![CDATA[18]]>
              </value>
            </param>
            <param index="4">
              <value>
                <![CDATA[hest]]>
              </value>
            </param>
          </params>
          <reporter-output>
          </reporter-output>
        </test-method> <!-- CreateNewData -->
        <test-method is-config="true" signature="teardown()[pri:0, instance:com.payment.qa.testcases.CustomerInformationPageTest@1068e947]" started-at="2021-05-29T09:57:33 IST" name="teardown" finished-at="2021-05-29T09:57:34 IST" duration-ms="176" status="PASS">
          <reporter-output>
          </reporter-output>
        </test-method> <!-- teardown -->
      </class> <!-- com.payment.qa.testcases.CustomerInformationPageTest -->
      <class name="com.payment.qa.testcases.NetBankingPageTest">
        <test-method is-config="true" signature="setup()[pri:0, instance:com.payment.qa.testcases.NetBankingPageTest@2f8f5f62]" started-at="2021-05-29T09:56:26 IST" name="setup" finished-at="2021-05-29T09:56:32 IST" duration-ms="5524" status="PASS">
          <reporter-output>
          </reporter-output>
        </test-method> <!-- setup -->
        <test-method signature="CustomerInformationTitleTest()[pri:1, instance:com.payment.qa.testcases.NetBankingPageTest@2f8f5f62]" started-at="2021-05-29T09:56:32 IST" name="CustomerInformationTitleTest" finished-at="2021-05-29T09:56:32 IST" duration-ms="6" status="PASS">
          <reporter-output>
          </reporter-output>
        </test-method> <!-- CustomerInformationTitleTest -->
        <test-method is-config="true" signature="teardown()[pri:0, instance:com.payment.qa.testcases.NetBankingPageTest@2f8f5f62]" started-at="2021-05-29T09:56:32 IST" name="teardown" finished-at="2021-05-29T09:56:32 IST" duration-ms="177" status="PASS">
          <reporter-output>
          </reporter-output>
        </test-method> <!-- teardown -->
        <test-method is-config="true" signature="setup()[pri:0, instance:com.payment.qa.testcases.NetBankingPageTest@2f8f5f62]" started-at="2021-05-29T09:56:32 IST" name="setup" finished-at="2021-05-29T09:56:43 IST" duration-ms="11119" status="PASS">
          <reporter-output>
          </reporter-output>
        </test-method> <!-- setup -->
        <test-method signature="CustomerInformationLogoTest()[pri:2, instance:com.payment.qa.testcases.NetBankingPageTest@2f8f5f62]" started-at="2021-05-29T09:56:43 IST" name="CustomerInformationLogoTest" finished-at="2021-05-29T09:56:43 IST" duration-ms="49" status="PASS">
          <reporter-output>
          </reporter-output>
        </test-method> <!-- CustomerInformationLogoTest -->
        <test-method is-config="true" signature="teardown()[pri:0, instance:com.payment.qa.testcases.NetBankingPageTest@2f8f5f62]" started-at="2021-05-29T09:56:43 IST" name="teardown" finished-at="2021-05-29T09:56:43 IST" duration-ms="159" status="PASS">
          <reporter-output>
          </reporter-output>
        </test-method> <!-- teardown -->
        <test-method is-config="true" signature="setup()[pri:0, instance:com.payment.qa.testcases.NetBankingPageTest@2f8f5f62]" started-at="2021-05-29T09:56:43 IST" name="setup" finished-at="2021-05-29T09:56:49 IST" duration-ms="6141" status="PASS">
          <reporter-output>
          </reporter-output>
        </test-method> <!-- setup -->
        <test-method signature="VerifyProceedBtnTest()[pri:3, instance:com.payment.qa.testcases.NetBankingPageTest@2f8f5f62]" started-at="2021-05-29T09:56:49 IST" name="VerifyProceedBtnTest" finished-at="2021-05-29T09:56:50 IST" duration-ms="68" status="PASS">
          <reporter-output>
          </reporter-output>
        </test-method> <!-- VerifyProceedBtnTest -->
        <test-method is-config="true" signature="teardown()[pri:0, instance:com.payment.qa.testcases.NetBankingPageTest@2f8f5f62]" started-at="2021-05-29T09:56:50 IST" name="teardown" finished-at="2021-05-29T09:56:50 IST" duration-ms="164" status="PASS">
          <reporter-output>
          </reporter-output>
        </test-method> <!-- teardown -->
        <test-method is-config="true" signature="setup()[pri:0, instance:com.payment.qa.testcases.NetBankingPageTest@2f8f5f62]" started-at="2021-05-29T09:56:50 IST" name="setup" finished-at="2021-05-29T09:56:55 IST" duration-ms="5033" status="PASS">
          <reporter-output>
          </reporter-output>
        </test-method> <!-- setup -->
        <test-method signature="SelectBankTest()[pri:4, instance:com.payment.qa.testcases.NetBankingPageTest@2f8f5f62]" started-at="2021-05-29T09:56:55 IST" name="SelectBankTest" finished-at="2021-05-29T09:57:05 IST" duration-ms="10528" status="PASS">
          <reporter-output>
          </reporter-output>
        </test-method> <!-- SelectBankTest -->
        <test-method is-config="true" signature="teardown()[pri:0, instance:com.payment.qa.testcases.NetBankingPageTest@2f8f5f62]" started-at="2021-05-29T09:57:05 IST" name="teardown" finished-at="2021-05-29T09:57:05 IST" duration-ms="197" status="PASS">
          <reporter-output>
          </reporter-output>
        </test-method> <!-- teardown -->
      </class> <!-- com.payment.qa.testcases.NetBankingPageTest -->
      <class name="com.payment.qa.testcases.UpiPageTest">
        <test-method is-config="true" signature="setup()[pri:0, instance:com.payment.qa.testcases.UpiPageTest@7dc222ae]" started-at="2021-05-29T09:57:34 IST" name="setup" finished-at="2021-05-29T09:57:38 IST" duration-ms="4798" status="PASS">
          <reporter-output>
          </reporter-output>
        </test-method> <!-- setup -->
        <test-method signature="VerifyUPIOptionSelectedTest()[pri:1, instance:com.payment.qa.testcases.UpiPageTest@7dc222ae]" started-at="2021-05-29T09:57:38 IST" name="VerifyUPIOptionSelectedTest" finished-at="2021-05-29T09:57:38 IST" duration-ms="27" status="PASS">
          <reporter-output>
          </reporter-output>
        </test-method> <!-- VerifyUPIOptionSelectedTest -->
        <test-method is-config="true" signature="teardown()[pri:0, instance:com.payment.qa.testcases.UpiPageTest@7dc222ae]" started-at="2021-05-29T09:57:38 IST" name="teardown" finished-at="2021-05-29T09:57:39 IST" duration-ms="189" status="PASS">
          <reporter-output>
          </reporter-output>
        </test-method> <!-- teardown -->
        <test-method is-config="true" signature="setup()[pri:0, instance:com.payment.qa.testcases.UpiPageTest@7dc222ae]" started-at="2021-05-29T09:57:39 IST" name="setup" finished-at="2021-05-29T09:57:43 IST" duration-ms="4645" status="PASS">
          <reporter-output>
          </reporter-output>
        </test-method> <!-- setup -->
        <test-method signature="VerifyUPIFieldAvailableTest()[pri:2, instance:com.payment.qa.testcases.UpiPageTest@7dc222ae]" started-at="2021-05-29T09:57:43 IST" name="VerifyUPIFieldAvailableTest" finished-at="2021-05-29T09:57:43 IST" duration-ms="45" status="PASS">
          <reporter-output>
          </reporter-output>
        </test-method> <!-- VerifyUPIFieldAvailableTest -->
        <test-method is-config="true" signature="teardown()[pri:0, instance:com.payment.qa.testcases.UpiPageTest@7dc222ae]" started-at="2021-05-29T09:57:43 IST" name="teardown" finished-at="2021-05-29T09:57:43 IST" duration-ms="169" status="PASS">
          <reporter-output>
          </reporter-output>
        </test-method> <!-- teardown -->
        <test-method is-config="true" signature="setup()[pri:0, instance:com.payment.qa.testcases.UpiPageTest@7dc222ae]" started-at="2021-05-29T09:57:43 IST" name="setup" finished-at="2021-05-29T09:57:48 IST" duration-ms="4613" status="PASS">
          <reporter-output>
          </reporter-output>
        </test-method> <!-- setup -->
        <test-method signature="verifyPayButtonTest()[pri:3, instance:com.payment.qa.testcases.UpiPageTest@7dc222ae]" started-at="2021-05-29T09:57:48 IST" name="verifyPayButtonTest" finished-at="2021-05-29T09:57:50 IST" duration-ms="1773" status="PASS">
          <reporter-output>
          </reporter-output>
        </test-method> <!-- verifyPayButtonTest -->
        <test-method is-config="true" signature="teardown()[pri:0, instance:com.payment.qa.testcases.UpiPageTest@7dc222ae]" started-at="2021-05-29T09:57:50 IST" name="teardown" finished-at="2021-05-29T09:57:50 IST" duration-ms="158" status="PASS">
          <reporter-output>
          </reporter-output>
        </test-method> <!-- teardown -->
      </class> <!-- com.payment.qa.testcases.UpiPageTest -->
      <class name="com.payment.qa.testcases.CouponCodePageTest">
        <test-method is-config="true" signature="setup()[pri:0, instance:com.payment.qa.testcases.CouponCodePageTest@727803de]" started-at="2021-05-29T09:55:54 IST" name="setup" finished-at="2021-05-29T09:56:02 IST" duration-ms="7616" status="PASS">
          <reporter-output>
          </reporter-output>
        </test-method> <!-- setup -->
        <test-method signature="VerifyTitleOnCouponPageTest()[pri:1, instance:com.payment.qa.testcases.CouponCodePageTest@727803de]" started-at="2021-05-29T09:56:02 IST" name="VerifyTitleOnCouponPageTest" finished-at="2021-05-29T09:56:02 IST" duration-ms="18" status="PASS">
          <reporter-output>
          </reporter-output>
        </test-method> <!-- VerifyTitleOnCouponPageTest -->
        <test-method is-config="true" signature="teardown()[pri:0, instance:com.payment.qa.testcases.CouponCodePageTest@727803de]" started-at="2021-05-29T09:56:02 IST" name="teardown" finished-at="2021-05-29T09:56:02 IST" duration-ms="207" status="PASS">
          <reporter-output>
          </reporter-output>
        </test-method> <!-- teardown -->
        <test-method is-config="true" signature="setup()[pri:0, instance:com.payment.qa.testcases.CouponCodePageTest@727803de]" started-at="2021-05-29T09:56:02 IST" name="setup" finished-at="2021-05-29T09:56:07 IST" duration-ms="4855" status="PASS">
          <reporter-output>
          </reporter-output>
        </test-method> <!-- setup -->
        <test-method signature="CustomerInformationStoreNameTest()[pri:2, instance:com.payment.qa.testcases.CouponCodePageTest@727803de]" started-at="2021-05-29T09:56:07 IST" name="CustomerInformationStoreNameTest" finished-at="2021-05-29T09:56:07 IST" duration-ms="40" status="PASS">
          <reporter-output>
          </reporter-output>
        </test-method> <!-- CustomerInformationStoreNameTest -->
        <test-method is-config="true" signature="teardown()[pri:0, instance:com.payment.qa.testcases.CouponCodePageTest@727803de]" started-at="2021-05-29T09:56:07 IST" name="teardown" finished-at="2021-05-29T09:56:07 IST" duration-ms="163" status="PASS">
          <reporter-output>
          </reporter-output>
        </test-method> <!-- teardown -->
        <test-method is-config="true" signature="setup()[pri:0, instance:com.payment.qa.testcases.CouponCodePageTest@727803de]" started-at="2021-05-29T09:56:07 IST" name="setup" finished-at="2021-05-29T09:56:12 IST" duration-ms="4741" status="PASS">
          <reporter-output>
          </reporter-output>
        </test-method> <!-- setup -->
        <test-method signature="VerifyCouponCodeLabelTest()[pri:3, instance:com.payment.qa.testcases.CouponCodePageTest@727803de]" started-at="2021-05-29T09:56:12 IST" name="VerifyCouponCodeLabelTest" finished-at="2021-05-29T09:56:12 IST" duration-ms="88" status="PASS">
          <reporter-output>
          </reporter-output>
        </test-method> <!-- VerifyCouponCodeLabelTest -->
        <test-method is-config="true" signature="teardown()[pri:0, instance:com.payment.qa.testcases.CouponCodePageTest@727803de]" started-at="2021-05-29T09:56:12 IST" name="teardown" finished-at="2021-05-29T09:56:12 IST" duration-ms="170" status="PASS">
          <reporter-output>
          </reporter-output>
        </test-method> <!-- teardown -->
        <test-method is-config="true" signature="setup()[pri:0, instance:com.payment.qa.testcases.CouponCodePageTest@727803de]" started-at="2021-05-29T09:56:12 IST" name="setup" finished-at="2021-05-29T09:56:16 IST" duration-ms="4367" status="PASS">
          <reporter-output>
          </reporter-output>
        </test-method> <!-- setup -->
        <test-method signature="VerifyCouponCodeFieldTest()[pri:4, instance:com.payment.qa.testcases.CouponCodePageTest@727803de]" started-at="2021-05-29T09:56:16 IST" name="VerifyCouponCodeFieldTest" finished-at="2021-05-29T09:56:16 IST" duration-ms="63" status="PASS">
          <reporter-output>
          </reporter-output>
        </test-method> <!-- VerifyCouponCodeFieldTest -->
        <test-method is-config="true" signature="teardown()[pri:0, instance:com.payment.qa.testcases.CouponCodePageTest@727803de]" started-at="2021-05-29T09:56:16 IST" name="teardown" finished-at="2021-05-29T09:56:16 IST" duration-ms="160" status="PASS">
          <reporter-output>
          </reporter-output>
        </test-method> <!-- teardown -->
        <test-method is-config="true" signature="setup()[pri:0, instance:com.payment.qa.testcases.CouponCodePageTest@727803de]" started-at="2021-05-29T09:56:16 IST" name="setup" finished-at="2021-05-29T09:56:21 IST" duration-ms="4734" status="PASS">
          <reporter-output>
          </reporter-output>
        </test-method> <!-- setup -->
        <test-method signature="VerifyApplyButtonTest()[pri:5, instance:com.payment.qa.testcases.CouponCodePageTest@727803de]" started-at="2021-05-29T09:56:21 IST" name="VerifyApplyButtonTest" finished-at="2021-05-29T09:56:21 IST" duration-ms="54" status="PASS">
          <reporter-output>
          </reporter-output>
        </test-method> <!-- VerifyApplyButtonTest -->
        <test-method is-config="true" signature="teardown()[pri:0, instance:com.payment.qa.testcases.CouponCodePageTest@727803de]" started-at="2021-05-29T09:56:21 IST" name="teardown" finished-at="2021-05-29T09:56:21 IST" duration-ms="159" status="PASS">
          <reporter-output>
          </reporter-output>
        </test-method> <!-- teardown -->
        <test-method is-config="true" signature="setup()[pri:0, instance:com.payment.qa.testcases.CouponCodePageTest@727803de]" started-at="2021-05-29T09:56:21 IST" name="setup" finished-at="2021-05-29T09:56:26 IST" duration-ms="4612" status="PASS">
          <reporter-output>
          </reporter-output>
        </test-method> <!-- setup -->
        <test-method signature="VerifyApplyOfferButton()[pri:5, instance:com.payment.qa.testcases.CouponCodePageTest@727803de]" started-at="2021-05-29T09:56:26 IST" name="VerifyApplyOfferButton" finished-at="2021-05-29T09:56:26 IST" duration-ms="107" status="PASS">
          <reporter-output>
          </reporter-output>
        </test-method> <!-- VerifyApplyOfferButton -->
        <test-method is-config="true" signature="teardown()[pri:0, instance:com.payment.qa.testcases.CouponCodePageTest@727803de]" started-at="2021-05-29T09:56:26 IST" name="teardown" finished-at="2021-05-29T09:56:26 IST" duration-ms="134" status="PASS">
          <reporter-output>
          </reporter-output>
        </test-method> <!-- teardown -->
      </class> <!-- com.payment.qa.testcases.CouponCodePageTest -->
    </test> <!-- Command line test -->
  </suite> <!-- Command line suite -->
</testng-results>
