<?xml version="1.0" encoding="UTF-8" ?>
<testsuite tests="29" failures="0" name="TestSuite" time="17.776" errors="0" skipped="0">
  <properties>
[...]
</properties>
  <testcase classname="com.payment.qa.testcases.CouponCodePageTest" name="VerifyTitleOnCouponPageTest" time="0.017"/>
  <testcase classname="com.payment.qa.testcases.CouponCodePageTest" name="CustomerInformationStoreNameTest" time="0.042"/>
  <testcase classname="com.payment.qa.testcases.CouponCodePageTest" name="VerifyCouponCodeLabelTest" time="0.085"/>
  <testcase classname="com.payment.qa.testcases.CouponCodePageTest" name="VerifyCouponCodeFieldTest" time="0.063"/>
  <testcase classname="com.payment.qa.testcases.CouponCodePageTest" name="VerifyApplyButtonTest" time="0.052"/>
  <testcase classname="com.payment.qa.testcases.CouponCodePageTest" name="VerifyApplyOfferButton" time="0.11"/>
  <testcase classname="com.payment.qa.testcases.NetBankingPageTest" name="CustomerInformationTitleTest" time="0.007"/>
  <testcase classname="com.payment.qa.testcases.NetBankingPageTest" name="CustomerInformationLogoTest" time="0.048"/>
  <testcase classname="com.payment.qa.testcases.NetBankingPageTest" name="VerifyProceedBtnTest" time="0.068"/>
  <testcase classname="com.payment.qa.testcases.NetBankingPageTest" name="SelectBankTest" time="10.527"/>
  <testcase classname="com.payment.qa.testcases.CustomerInformationPageTest" name="CustomerInformationTitleTest" time="0.008"/>
  <testcase classname="com.payment.qa.testcases.CustomerInformationPageTest" name="CustomerInformationLogoTest" time="0.034"/>
  <testcase classname="com.payment.qa.testcases.CustomerInformationPageTest" name="CustomerInformationStoreNameTest" time="0.034"/>
  <testcase classname="com.payment.qa.testcases.CustomerInformationPageTest" name="CreateNewData" time="0.628"/>
  <testcase classname="com.payment.qa.testcases.CustomerInformationPageTest" name="CreateNewData" time="0.625"/>
  <testcase classname="com.payment.qa.testcases.CustomerInformationPageTest" name="CreateNewData" time="0.661"/>
  <testcase classname="com.payment.qa.testcases.UpiPageTest" name="VerifyUPIOptionSelectedTest" time="0.028"/>
  <testcase classname="com.payment.qa.testcases.UpiPageTest" name="VerifyUPIFieldAvailableTest" time="0.043"/>
  <testcase classname="com.payment.qa.testcases.UpiPageTest" name="verifyPayButtonTest" time="1.774"/>
  <testcase classname="com.payment.qa.testcases.PaymentDetailsPageTest" name="VerifyPaymentOptionIsSelected" time="0.052"/>
  <testcase classname="com.payment.qa.testcases.PaymentDetailsPageTest" name="SelectPaymentMethod" time="0.273"/>
  <testcase classname="com.payment.qa.testcases.PaymentDetailsPageTest" name="VerifyCardOptionSelected" time="0.024"/>
  <testcase classname="com.payment.qa.testcases.PaymentDetailsPageTest" name="verifyCardNumberFieldPresent" time="0.034"/>
  <testcase classname="com.payment.qa.testcases.PaymentDetailsPageTest" name="VerifyNameOnCardFieldTest" time="0.048"/>
  <testcase classname="com.payment.qa.testcases.PaymentDetailsPageTest" name="VerifyCVVFieldTest" time="0.039"/>
  <testcase classname="com.payment.qa.testcases.PaymentDetailsPageTest" name="VerifyMonthSelectListTest" time="0.049"/>
  <testcase classname="com.payment.qa.testcases.PaymentDetailsPageTest" name="VerifyYearSelectListTest" time="0.04"/>
  <testcase classname="com.payment.qa.testcases.PaymentDetailsPageTest" name="VerifyPaymentButtonTest" time="0.038"/>
  <testcase classname="com.payment.qa.testcases.PaymentDetailsPageTest" name="CreateTransactionData" time="2.325"/>
</testsuite>