<?xml version="1.0" encoding="UTF-8"?>
<!-- Generated by org.testng.reporters.JUnitXMLReporter -->
<testsuite ignored="0" hostname="Ambrishs-Air" failures="0" tests="29" name="Unique Url Pages Test Cases" time="210.829" errors="0" timestamp="2021-06-02T09:43:38 IST">
  <testcase classname="com.payment.qa.testcases.PaymentDetailsPageTest" name="@BeforeMethod setup" time="6.371">
    <failure type="org.openqa.selenium.WebDriverException" message="disconnected: not connected to DevTools
  (Session info: chrome=91.0.4472.77)
Build info: version: &amp;apos;3.141.59&amp;apos;, revision: &amp;apos;e82be7d358&amp;apos;, time: &amp;apos;2018-11-14T08:17:03&amp;apos;
System info: host: &amp;apos;Ambrishs-Air&amp;apos;, ip: &amp;apos;2409:4043:18:f7a9:8cf1:fecf:a7a:da33%en0&amp;apos;, os.name: &amp;apos;Mac OS X&amp;apos;, os.arch: &amp;apos;x86_64&amp;apos;, os.version: &amp;apos;10.16&amp;apos;, java.version: &amp;apos;15.0.2&amp;apos;
Driver info: org.openqa.selenium.chrome.ChromeDriver
Capabilities {acceptInsecureCerts: false, browserName: chrome, browserVersion: 91.0.4472.77, chrome: {chromedriverVersion: 90.0.4430.24 (4c6d850f087da..., userDataDir: /var/folders/dy/nvj0bpfx62j...}, goog:chromeOptions: {debuggerAddress: localhost:59979}, javascriptEnabled: true, networkConnectionEnabled: false, pageLoadStrategy: normal, platform: MAC, platformName: MAC, proxy: Proxy(), setWindowRect: true, strictFileInteractability: false, timeouts: {implicit: 0, pageLoad: 300000, script: 30000}, unhandledPromptBehavior: dismiss and notify, webauthn:extension:largeBlob: true, webauthn:virtualAuthenticators: true}
Session ID: f52a5339d05c406496b57b8d97699f30">
      <![CDATA[org.openqa.selenium.WebDriverException: disconnected: not connected to DevTools
  (Session info: chrome=91.0.4472.77)
Build info: version: '3.141.59', revision: 'e82be7d358', time: '2018-11-14T08:17:03'
System info: host: 'Ambrishs-Air', ip: '2409:4043:18:f7a9:8cf1:fecf:a7a:da33%en0', os.name: 'Mac OS X', os.arch: 'x86_64', os.version: '10.16', java.version: '15.0.2'
Driver info: org.openqa.selenium.chrome.ChromeDriver
Capabilities {acceptInsecureCerts: false, browserName: chrome, browserVersion: 91.0.4472.77, chrome: {chromedriverVersion: 90.0.4430.24 (4c6d850f087da..., userDataDir: /var/folders/dy/nvj0bpfx62j...}, goog:chromeOptions: {debuggerAddress: localhost:59979}, javascriptEnabled: true, networkConnectionEnabled: false, pageLoadStrategy: normal, platform: MAC, platformName: MAC, proxy: Proxy(), setWindowRect: true, strictFileInteractability: false, timeouts: {implicit: 0, pageLoad: 300000, script: 30000}, unhandledPromptBehavior: dismiss and notify, webauthn:extension:largeBlob: true, webauthn:virtualAuthenticators: true}
Session ID: f52a5339d05c406496b57b8d97699f30
at org.openqa.selenium.remote.http.W3CHttpResponseCodec.createException(W3CHttpResponseCodec.java:187)
at org.openqa.selenium.remote.http.W3CHttpResponseCodec.decode(W3CHttpResponseCodec.java:122)
at org.openqa.selenium.remote.http.W3CHttpResponseCodec.decode(W3CHttpResponseCodec.java:49)
at org.openqa.selenium.remote.HttpCommandExecutor.execute(HttpCommandExecutor.java:158)
at org.openqa.selenium.remote.service.DriverCommandExecutor.execute(DriverCommandExecutor.java:83)
at org.openqa.selenium.remote.RemoteWebDriver.execute(RemoteWebDriver.java:552)
at org.openqa.selenium.remote.RemoteWebElement.execute(RemoteWebElement.java:285)
at org.openqa.selenium.remote.RemoteWebElement.sendKeys(RemoteWebElement.java:106)
at org.openqa.selenium.support.pagefactory.internal.LocatingElementHandler.invoke(LocatingElementHandler.java:51)
at com.sun.proxy.$Proxy12.sendKeys(Unknown Source)
at com.payment.qa.pages.CustomerInformationPage.EnterCustomerInformation(CustomerInformationPage.java:78)
at com.payment.qa.testcases.PaymentDetailsPageTest.setup(PaymentDetailsPageTest.java:40)
at java.base/java.util.ArrayList.forEach(ArrayList.java:1511)
at com.intellij.rt.testng.IDEARemoteTestNG.run(IDEARemoteTestNG.java:66)
at com.intellij.rt.testng.RemoteTestNGStarter.main(RemoteTestNGStarter.java:109)
... Removed 36 stack frames]]>
    </failure>
  </testcase> <!-- @BeforeMethod setup -->
  <testcase classname="com.payment.qa.testcases.PaymentDetailsPageTest" name="@AfterMethod teardown" time="-1.622607149497E9">
    <skipped/>
  </testcase> <!-- @AfterMethod teardown -->
  <testcase classname="com.payment.qa.testcases.PaymentDetailsPageTest" name="@BeforeMethod setup" time="-1.622607149498E9">
    <skipped/>
  </testcase> <!-- @BeforeMethod setup -->
  <testcase classname="com.payment.qa.testcases.PaymentDetailsPageTest" name="@AfterMethod teardown" time="-1.622607149499E9">
    <skipped/>
  </testcase> <!-- @AfterMethod teardown -->
  <testcase classname="com.payment.qa.testcases.PaymentDetailsPageTest" name="@BeforeMethod setup" time="-1.622607149594E9">
    <skipped/>
  </testcase> <!-- @BeforeMethod setup -->
  <testcase classname="com.payment.qa.testcases.PaymentDetailsPageTest" name="@AfterMethod teardown" time="-1.622607149595E9">
    <skipped/>
  </testcase> <!-- @AfterMethod teardown -->
  <testcase classname="com.payment.qa.testcases.CustomerInformationPageTest" name="CustomerInformationTitleTest" time="0.013"/>
  <testcase classname="com.payment.qa.testcases.CustomerInformationPageTest" name="CustomerInformationLogoTest" time="0.107"/>
  <testcase classname="com.payment.qa.testcases.CustomerInformationPageTest" name="CustomerInformationStoreNameTest" time="0.051"/>
  <testcase classname="com.payment.qa.testcases.CustomerInformationPageTest" name="CreateNewData" time="0.884"/>
  <testcase classname="com.payment.qa.testcases.CustomerInformationPageTest" name="CreateNewData" time="0.762"/>
  <testcase classname="com.payment.qa.testcases.CustomerInformationPageTest" name="CreateNewData" time="0.721"/>
  <testcase classname="com.payment.qa.testcases.CouponCodePageTest" name="VerifyTitleOnCouponPageTest" time="0.016"/>
  <testcase classname="com.payment.qa.testcases.CouponCodePageTest" name="CustomerInformationStoreNameTest" time="0.062"/>
  <testcase classname="com.payment.qa.testcases.CouponCodePageTest" name="VerifyCouponCodeLabelTest" time="0.078"/>
  <testcase classname="com.payment.qa.testcases.CouponCodePageTest" name="VerifyCouponCodeFieldTest" time="0.076"/>
  <testcase classname="com.payment.qa.testcases.CouponCodePageTest" name="VerifyApplyButtonTest" time="0.08"/>
  <testcase classname="com.payment.qa.testcases.CouponCodePageTest" name="VerifyApplyOfferButton" time="0.289"/>
  <testcase classname="com.payment.qa.testcases.PaymentDetailsPageTest" name="VerifyPaymentOptionIsSelected" time="0.155"/>
  <testcase classname="com.payment.qa.testcases.PaymentDetailsPageTest" name="SelectPaymentMethod" time="0.365"/>
  <testcase classname="com.payment.qa.testcases.PaymentDetailsPageTest" name="VerifyCardOptionSelected" time="0.03"/>
  <testcase classname="com.payment.qa.testcases.PaymentDetailsPageTest" name="verifyCardNumberFieldPresent" time="0.059"/>
  <testcase classname="com.payment.qa.testcases.PaymentDetailsPageTest" name="VerifyNameOnCardFieldTest" time="0.067"/>
  <testcase classname="com.payment.qa.testcases.PaymentDetailsPageTest" name="VerifyCVVFieldTest" time="0.079"/>
  <testcase classname="com.payment.qa.testcases.PaymentDetailsPageTest" name="VerifyMonthSelectListTest" time="0.058"/>
  <testcase classname="com.payment.qa.testcases.PaymentDetailsPageTest" name="VerifyYearSelectListTest" time="0.0">
    <skipped/>
  </testcase> <!-- VerifyYearSelectListTest -->
  <testcase classname="com.payment.qa.testcases.PaymentDetailsPageTest" name="VerifyPaymentButtonTest" time="0.0">
    <skipped/>
  </testcase> <!-- VerifyPaymentButtonTest -->
  <testcase classname="com.payment.qa.testcases.PaymentDetailsPageTest" name="CreateTransactionData" time="0.001">
    <skipped/>
  </testcase> <!-- CreateTransactionData -->
  <testcase classname="com.payment.qa.testcases.NetBankingPageTest" name="CustomerInformationTitleTest" time="0.013"/>
  <testcase classname="com.payment.qa.testcases.NetBankingPageTest" name="CustomerInformationLogoTest" time="0.055"/>
  <testcase classname="com.payment.qa.testcases.NetBankingPageTest" name="VerifyProceedBtnTest" time="0.048"/>
  <testcase classname="com.payment.qa.testcases.NetBankingPageTest" name="SelectBankTest" time="15.448"/>
  <testcase classname="com.payment.qa.testcases.UpiPageTest" name="VerifyUPIOptionSelectedTest" time="0.044"/>
  <testcase classname="com.payment.qa.testcases.UpiPageTest" name="VerifyUPIFieldAvailableTest" time="0.081"/>
  <testcase classname="com.payment.qa.testcases.UpiPageTest" name="verifyPayButtonTest" time="1.734"/>
</testsuite> <!-- Unique Url Pages Test Cases -->
